<?xml version="1.0" encoding="UTF-8"?>
<!-- Generated by org.testng.reporters.JUnitReportReporter -->
<testsuite hostname="DESKTOP-45LN0VS" failures="0" tests="1" name="myTestRunner.TestRunner" time="86.056" errors="0" timestamp="2023-04-21T14:40:31 IST" skipped="0">
  <testcase classname="myTestRunner.TestRunner" name="runScenario" time="86.056"/>
  <system-out/>
</testsuite> <!-- myTestRunner.TestRunner -->
