<?xml version="1.0" encoding="UTF-8"?>
<!-- Generated by org.testng.reporters.JUnitReportReporter -->
<testsuite hostname="DESKTOP-45LN0VS" failures="0" tests="3" name="testCases.TestClass" time="57.953" errors="0" timestamp="2023-04-14T23:28:09 IST" skipped="0">
  <testcase classname="testCases.TestClass" name="UserLognTest" time="22.988"/>
  <system-out/>
  <testcase classname="testCases.TestClass" name="NavigateTest" time="26.456"/>
  <system-out/>
  <testcase classname="testCases.TestClass" name="TimeSheetTest" time="8.509"/>
  <system-out/>
</testsuite> <!-- testCases.TestClass -->
